<testsuites id="" name="" tests="40" failures="0" skipped="0" errors="0" time="37.071508">
<testsuite name="phase0-scenarios.spec.ts" timestamp="2026-07-30T14:06:53.843Z" hostname="" tests="25" failures="0" skipped="0" time="34.972" errors="0">
<testcase name="valid fixture is safe at 1280x720" classname="phase0-scenarios.spec.ts" time="1.365">
<system-out>
<![CDATA[
[[ATTACHMENT|test-results\phase0-scenarios-valid-fixture-is-safe-at-1280x720\trace.zip]]
]]>
</system-out>
</testcase>
<testcase name="valid fixture is safe at 1440x900" classname="phase0-scenarios.spec.ts" time="1.857">
<system-out>
<![CDATA[
[[ATTACHMENT|test-results\phase0-scenarios-valid-fixture-is-safe-at-1440x900\trace.zip]]
]]>
</system-out>
</testcase>
<testcase name="valid fixture is safe at 1920x1080" classname="phase0-scenarios.spec.ts" time="1.285">
<system-out>
<![CDATA[
[[ATTACHMENT|test-results\phase0-scenarios-valid-fixture-is-safe-at-1920x1080\trace.zip]]
]]>
</system-out>
</testcase>
<testcase name="stale fixture is safe at 1280x720" classname="phase0-scenarios.spec.ts" time="1.217">
<system-out>
<![CDATA[
[[ATTACHMENT|test-results\phase0-scenarios-stale-fixture-is-safe-at-1280x720\trace.zip]]
]]>
</system-out>
</testcase>
<testcase name="stale fixture is safe at 1440x900" classname="phase0-scenarios.spec.ts" time="1.824">
<system-out>
<![CDATA[
[[ATTACHMENT|test-results\phase0-scenarios-stale-fixture-is-safe-at-1440x900\trace.zip]]
]]>
</system-out>
</testcase>
<testcase name="stale fixture is safe at 1920x1080" classname="phase0-scenarios.spec.ts" time="1.279">
<system-out>
<![CDATA[
[[ATTACHMENT|test-results\phase0-scenarios-stale-fixture-is-safe-at-1920x1080\trace.zip]]
]]>
</system-out>
</testcase>
<testcase name="duplicate fixture is safe at 1280x720" classname="phase0-scenarios.spec.ts" time="1.208">
<system-out>
<![CDATA[
[[ATTACHMENT|test-results\phase0-scenarios-duplicate-fixture-is-safe-at-1280x720\trace.zip]]
]]>
</system-out>
</testcase>
<testcase name="duplicate fixture is safe at 1440x900" classname="phase0-scenarios.spec.ts" time="1.817">
<system-out>
<![CDATA[
[[ATTACHMENT|test-results\phase0-scenarios-duplicate-fixture-is-safe-at-1440x900\trace.zip]]
]]>
</system-out>
</testcase>
<testcase name="duplicate fixture is safe at 1920x1080" classname="phase0-scenarios.spec.ts" time="1.24">
<system-out>
<![CDATA[
[[ATTACHMENT|test-results\phase0-scenarios-duplicate-fixture-is-safe-at-1920x1080\trace.zip]]
]]>
</system-out>
</testcase>
<testcase name="contradictory fixture is safe at 1280x720" classname="phase0-scenarios.spec.ts" time="1.216">
<system-out>
<![CDATA[
[[ATTACHMENT|test-results\phase0-scenarios-contradictory-fixture-is-safe-at-1280x720\trace.zip]]
]]>
</system-out>
</testcase>
<testcase name="contradictory fixture is safe at 1440x900" classname="phase0-scenarios.spec.ts" time="1.859">
<system-out>
<![CDATA[
[[ATTACHMENT|test-results\phase0-scenarios-contradictory-fixture-is-safe-at-1440x900\trace.zip]]
]]>
</system-out>
</testcase>
<testcase name="contradictory fixture is safe at 1920x1080" classname="phase0-scenarios.spec.ts" time="1.268">
<system-out>
<![CDATA[
[[ATTACHMENT|test-results\phase0-scenarios-contradictory-fixture-is-safe-at-1920x1080\trace.zip]]
]]>
</system-out>
</testcase>
<testcase name="denied fixture is safe at 1280x720" classname="phase0-scenarios.spec.ts" time="1.179">
<system-out>
<![CDATA[
[[ATTACHMENT|test-results\phase0-scenarios-denied-fixture-is-safe-at-1280x720\trace.zip]]
]]>
</system-out>
</testcase>
<testcase name="denied fixture is safe at 1440x900" classname="phase0-scenarios.spec.ts" time="1.776">
<system-out>
<![CDATA[
[[ATTACHMENT|test-results\phase0-scenarios-denied-fixture-is-safe-at-1440x900\trace.zip]]
]]>
</system-out>
</testcase>
<testcase name="denied fixture is safe at 1920x1080" classname="phase0-scenarios.spec.ts" time="1.216">
<system-out>
<![CDATA[
[[ATTACHMENT|test-results\phase0-scenarios-denied-fixture-is-safe-at-1920x1080\trace.zip]]
]]>
</system-out>
</testcase>
<testcase name="degraded fixture is safe at 1280x720" classname="phase0-scenarios.spec.ts" time="1.187">
<system-out>
<![CDATA[
[[ATTACHMENT|test-results\phase0-scenarios-degraded-fixture-is-safe-at-1280x720\trace.zip]]
]]>
</system-out>
</testcase>
<testcase name="degraded fixture is safe at 1440x900" classname="phase0-scenarios.spec.ts" time="1.743">
<system-out>
<![CDATA[
[[ATTACHMENT|test-results\phase0-scenarios-degraded-fixture-is-safe-at-1440x900\trace.zip]]
]]>
</system-out>
</testcase>
<testcase name="degraded fixture is safe at 1920x1080" classname="phase0-scenarios.spec.ts" time="1.204">
<system-out>
<![CDATA[
[[ATTACHMENT|test-results\phase0-scenarios-degraded-fixture-is-safe-at-1920x1080\trace.zip]]
]]>
</system-out>
</testcase>
<testcase name="timeout fixture is safe at 1280x720" classname="phase0-scenarios.spec.ts" time="1.155">
<system-out>
<![CDATA[
[[ATTACHMENT|test-results\phase0-scenarios-timeout-fixture-is-safe-at-1280x720\trace.zip]]
]]>
</system-out>
</testcase>
<testcase name="timeout fixture is safe at 1440x900" classname="phase0-scenarios.spec.ts" time="1.713">
<system-out>
<![CDATA[
[[ATTACHMENT|test-results\phase0-scenarios-timeout-fixture-is-safe-at-1440x900\trace.zip]]
]]>
</system-out>
</testcase>
<testcase name="timeout fixture is safe at 1920x1080" classname="phase0-scenarios.spec.ts" time="1.203">
<system-out>
<![CDATA[
[[ATTACHMENT|test-results\phase0-scenarios-timeout-fixture-is-safe-at-1920x1080\trace.zip]]
]]>
</system-out>
</testcase>
<testcase name="recovery fixture is safe at 1280x720" classname="phase0-scenarios.spec.ts" time="1.16">
<system-out>
<![CDATA[
[[ATTACHMENT|test-results\phase0-scenarios-recovery-fixture-is-safe-at-1280x720\trace.zip]]
]]>
</system-out>
</testcase>
<testcase name="recovery fixture is safe at 1440x900" classname="phase0-scenarios.spec.ts" time="1.719">
<system-out>
<![CDATA[
[[ATTACHMENT|test-results\phase0-scenarios-recovery-fixture-is-safe-at-1440x900\trace.zip]]
]]>
</system-out>
</testcase>
<testcase name="recovery fixture is safe at 1920x1080" classname="phase0-scenarios.spec.ts" time="1.196">
<system-out>
<![CDATA[
[[ATTACHMENT|test-results\phase0-scenarios-recovery-fixture-is-safe-at-1920x1080\trace.zip]]
]]>
</system-out>
</testcase>
<testcase name="scenario switch changes the visible API-backed state" classname="phase0-scenarios.spec.ts" time="1.086">
<system-out>
<![CDATA[
[[ATTACHMENT|test-results\phase0-scenarios-scenario--86173-he-visible-API-backed-state\trace.zip]]
]]>
</system-out>
</testcase>
</testsuite>
<testsuite name="phase0-shell.spec.ts" timestamp="2026-07-30T14:06:53.843Z" hostname="" tests="15" failures="0" skipped="0" time="21.035" errors="0">
<testcase name="live state is safe at 1280x720" classname="phase0-shell.spec.ts" time="1.294">
<system-out>
<![CDATA[
[[ATTACHMENT|test-results\phase0-shell-live-state-is-safe-at-1280x720\trace.zip]]
]]>
</system-out>
</testcase>
<testcase name="live state is safe at 1440x900" classname="phase0-shell.spec.ts" time="1.891">
<system-out>
<![CDATA[
[[ATTACHMENT|test-results\phase0-shell-live-state-is-safe-at-1440x900\trace.zip]]
]]>
</system-out>
</testcase>
<testcase name="live state is safe at 1920x1080" classname="phase0-shell.spec.ts" time="1.251">
<system-out>
<![CDATA[
[[ATTACHMENT|test-results\phase0-shell-live-state-is-safe-at-1920x1080\trace.zip]]
]]>
</system-out>
</testcase>
<testcase name="degraded state is safe at 1280x720" classname="phase0-shell.spec.ts" time="1.218">
<system-out>
<![CDATA[
[[ATTACHMENT|test-results\phase0-shell-degraded-state-is-safe-at-1280x720\trace.zip]]
]]>
</system-out>
</testcase>
<testcase name="degraded state is safe at 1440x900" classname="phase0-shell.spec.ts" time="1.964">
<system-out>
<![CDATA[
[[ATTACHMENT|test-results\phase0-shell-degraded-state-is-safe-at-1440x900\trace.zip]]
]]>
</system-out>
</testcase>
<testcase name="degraded state is safe at 1920x1080" classname="phase0-shell.spec.ts" time="1.243">
<system-out>
<![CDATA[
[[ATTACHMENT|test-results\phase0-shell-degraded-state-is-safe-at-1920x1080\trace.zip]]
]]>
</system-out>
</testcase>
<testcase name="stale state is safe at 1280x720" classname="phase0-shell.spec.ts" time="1.164">
<system-out>
<![CDATA[
[[ATTACHMENT|test-results\phase0-shell-stale-state-is-safe-at-1280x720\trace.zip]]
]]>
</system-out>
</testcase>
<testcase name="stale state is safe at 1440x900" classname="phase0-shell.spec.ts" time="1.703">
<system-out>
<![CDATA[
[[ATTACHMENT|test-results\phase0-shell-stale-state-is-safe-at-1440x900\trace.zip]]
]]>
</system-out>
</testcase>
<testcase name="stale state is safe at 1920x1080" classname="phase0-shell.spec.ts" time="1.246">
<system-out>
<![CDATA[
[[ATTACHMENT|test-results\phase0-shell-stale-state-is-safe-at-1920x1080\trace.zip]]
]]>
</system-out>
</testcase>
<testcase name="loading state is safe at 1280x720" classname="phase0-shell.spec.ts" time="1.164">
<system-out>
<![CDATA[
[[ATTACHMENT|test-results\phase0-shell-loading-state-is-safe-at-1280x720\trace.zip]]
]]>
</system-out>
</testcase>
<testcase name="loading state is safe at 1440x900" classname="phase0-shell.spec.ts" time="1.685">
<system-out>
<![CDATA[
[[ATTACHMENT|test-results\phase0-shell-loading-state-is-safe-at-1440x900\trace.zip]]
]]>
</system-out>
</testcase>
<testcase name="loading state is safe at 1920x1080" classname="phase0-shell.spec.ts" time="1.147">
<system-out>
<![CDATA[
[[ATTACHMENT|test-results\phase0-shell-loading-state-is-safe-at-1920x1080\trace.zip]]
]]>
</system-out>
</testcase>
<testcase name="error state is safe at 1280x720" classname="phase0-shell.spec.ts" time="1.146">
<system-out>
<![CDATA[
[[ATTACHMENT|test-results\phase0-shell-error-state-is-safe-at-1280x720\trace.zip]]
]]>
</system-out>
</testcase>
<testcase name="error state is safe at 1440x900" classname="phase0-shell.spec.ts" time="1.743">
<system-out>
<![CDATA[
[[ATTACHMENT|test-results\phase0-shell-error-state-is-safe-at-1440x900\trace.zip]]
]]>
</system-out>
</testcase>
<testcase name="error state is safe at 1920x1080" classname="phase0-shell.spec.ts" time="1.176">
<system-out>
<![CDATA[
[[ATTACHMENT|test-results\phase0-shell-error-state-is-safe-at-1920x1080\trace.zip]]
]]>
</system-out>
</testcase>
</testsuite>
</testsuites>